CRITICAL - 2025-08-06 03:25:59 --> CodeIgniter\View\Exceptions\ViewException: Invalid file: "layouts/header.php"
[Method: GET, Route: map]
in SYSTEMPATH/Exceptions/FrameworkException.php on line 39.
 1 SYSTEMPATH/View/View.php(214): CodeIgniter\Exceptions\FrameworkException::forInvalidFile('layouts/header.php')
 2 SYSTEMPATH/Common.php(1167): CodeIgniter\View\View->render('layouts/header', [], true)
 3 APPPATH/Views/map_view.php(1): view('layouts/header', [...])
 4 SYSTEMPATH/View/View.php(226): include('/var/www/html/app/Views/map_view.php')
 5 SYSTEMPATH/View/View.php(229): CodeIgniter\View\View->CodeIgniter\View\{closure}()
 6 SYSTEMPATH/Common.php(1167): CodeIgniter\View\View->render('map_view', [], true)
 7 APPPATH/Controllers/Map.php(9): view('map_view')
 8 SYSTEMPATH/CodeIgniter.php(933): App\Controllers\Map->index()
 9 SYSTEMPATH/CodeIgniter.php(507): CodeIgniter\CodeIgniter->runController(Object(App\Controllers\Map))
10 SYSTEMPATH/CodeIgniter.php(354): CodeIgniter\CodeIgniter->handleRequest(null, Object(Config\Cache), false)
11 SYSTEMPATH/Boot.php(363): CodeIgniter\CodeIgniter->run()
12 SYSTEMPATH/Boot.php(68): CodeIgniter\Boot::runCodeIgniter(Object(CodeIgniter\CodeIgniter))
13 FCPATH/index.php(59): CodeIgniter\Boot::bootWeb(Object(Config\Paths))
CRITICAL - 2025-08-06 03:26:35 --> CodeIgniter\View\Exceptions\ViewException: Invalid file: "layouts/header.php"
[Method: GET, Route: map]
in SYSTEMPATH/Exceptions/FrameworkException.php on line 39.
 1 SYSTEMPATH/View/View.php(214): CodeIgniter\Exceptions\FrameworkException::forInvalidFile('layouts/header.php')
 2 SYSTEMPATH/Common.php(1167): CodeIgniter\View\View->render('layouts/header', [], true)
 3 APPPATH/Views/map_view.php(1): view('layouts/header', [...])
 4 SYSTEMPATH/View/View.php(226): include('/var/www/html/app/Views/map_view.php')
 5 SYSTEMPATH/View/View.php(229): CodeIgniter\View\View->CodeIgniter\View\{closure}()
 6 SYSTEMPATH/Common.php(1167): CodeIgniter\View\View->render('map_view', [], true)
 7 APPPATH/Controllers/Map.php(9): view('map_view')
 8 SYSTEMPATH/CodeIgniter.php(933): App\Controllers\Map->index()
 9 SYSTEMPATH/CodeIgniter.php(507): CodeIgniter\CodeIgniter->runController(Object(App\Controllers\Map))
10 SYSTEMPATH/CodeIgniter.php(354): CodeIgniter\CodeIgniter->handleRequest(null, Object(Config\Cache), false)
11 SYSTEMPATH/Boot.php(363): CodeIgniter\CodeIgniter->run()
12 SYSTEMPATH/Boot.php(68): CodeIgniter\Boot::runCodeIgniter(Object(CodeIgniter\CodeIgniter))
13 FCPATH/index.php(59): CodeIgniter\Boot::bootWeb(Object(Config\Paths))
CRITICAL - 2025-08-06 03:48:37 --> CodeIgniter\View\Exceptions\ViewException: Invalid file: "template/footer.php"
[Method: GET, Route: map]
in SYSTEMPATH/Exceptions/FrameworkException.php on line 39.
 1 SYSTEMPATH/View/View.php(214): CodeIgniter\Exceptions\FrameworkException::forInvalidFile('template/footer.php')
 2 SYSTEMPATH/View/View.php(475): CodeIgniter\View\View->render('template/footer', null, true)
 3 APPPATH/Views/layout/Base.php(16): CodeIgniter\View\View->include('template/footer')
 4 SYSTEMPATH/View/View.php(226): include('/var/www/html/app/Views/layout/Base.php')
 5 SYSTEMPATH/View/View.php(229): CodeIgniter\View\View->CodeIgniter\View\{closure}()
 6 SYSTEMPATH/View/View.php(242): CodeIgniter\View\View->render('layout/Base', [], true)
 7 SYSTEMPATH/Common.php(1167): CodeIgniter\View\View->render('template/main', [], true)
 8 APPPATH/Controllers/Map.php(9): view('template/main')
 9 SYSTEMPATH/CodeIgniter.php(933): App\Controllers\Map->index()
10 SYSTEMPATH/CodeIgniter.php(507): CodeIgniter\CodeIgniter->runController(Object(App\Controllers\Map))
11 SYSTEMPATH/CodeIgniter.php(354): CodeIgniter\CodeIgniter->handleRequest(null, Object(Config\Cache), false)
12 SYSTEMPATH/Boot.php(363): CodeIgniter\CodeIgniter->run()
13 SYSTEMPATH/Boot.php(68): CodeIgniter\Boot::runCodeIgniter(Object(CodeIgniter\CodeIgniter))
14 FCPATH/index.php(59): CodeIgniter\Boot::bootWeb(Object(Config\Paths))
CRITICAL - 2025-08-06 03:52:34 --> CodeIgniter\View\Exceptions\ViewException: Invalid file: "template/footer.php"
[Method: GET, Route: map]
in SYSTEMPATH/Exceptions/FrameworkException.php on line 39.
 1 SYSTEMPATH/View/View.php(214): CodeIgniter\Exceptions\FrameworkException::forInvalidFile('template/footer.php')
 2 SYSTEMPATH/View/View.php(475): CodeIgniter\View\View->render('template/footer', null, true)
 3 APPPATH/Views/layout/Base.php(16): CodeIgniter\View\View->include('template/footer')
 4 SYSTEMPATH/View/View.php(226): include('/var/www/html/app/Views/layout/Base.php')
 5 SYSTEMPATH/View/View.php(229): CodeIgniter\View\View->CodeIgniter\View\{closure}()
 6 SYSTEMPATH/Common.php(1167): CodeIgniter\View\View->render('layout/Base.php', [], true)
 7 APPPATH/Controllers/Map.php(9): view('layout/Base.php')
 8 SYSTEMPATH/CodeIgniter.php(933): App\Controllers\Map->index()
 9 SYSTEMPATH/CodeIgniter.php(507): CodeIgniter\CodeIgniter->runController(Object(App\Controllers\Map))
10 SYSTEMPATH/CodeIgniter.php(354): CodeIgniter\CodeIgniter->handleRequest(null, Object(Config\Cache), false)
11 SYSTEMPATH/Boot.php(363): CodeIgniter\CodeIgniter->run()
12 SYSTEMPATH/Boot.php(68): CodeIgniter\Boot::runCodeIgniter(Object(CodeIgniter\CodeIgniter))
13 FCPATH/index.php(59): CodeIgniter\Boot::bootWeb(Object(Config\Paths))
CRITICAL - 2025-08-06 03:59:41 --> CodeIgniter\View\Exceptions\ViewException: Invalid file: "template/footer.php"
[Method: GET, Route: map]
in SYSTEMPATH/Exceptions/FrameworkException.php on line 39.
 1 SYSTEMPATH/View/View.php(214): CodeIgniter\Exceptions\FrameworkException::forInvalidFile('template/footer.php')
 2 SYSTEMPATH/View/View.php(475): CodeIgniter\View\View->render('template/footer', null, true)
 3 APPPATH/Views/layout/base.php(16): CodeIgniter\View\View->include('template/footer')
 4 SYSTEMPATH/View/View.php(226): include('/var/www/html/app/Views/layout/base.php')
 5 SYSTEMPATH/View/View.php(229): CodeIgniter\View\View->CodeIgniter\View\{closure}()
 6 SYSTEMPATH/Common.php(1167): CodeIgniter\View\View->render('layout/base', [], true)
 7 APPPATH/Controllers/Map.php(9): view('layout/base')
 8 SYSTEMPATH/CodeIgniter.php(933): App\Controllers\Map->index()
 9 SYSTEMPATH/CodeIgniter.php(507): CodeIgniter\CodeIgniter->runController(Object(App\Controllers\Map))
10 SYSTEMPATH/CodeIgniter.php(354): CodeIgniter\CodeIgniter->handleRequest(null, Object(Config\Cache), false)
11 SYSTEMPATH/Boot.php(363): CodeIgniter\CodeIgniter->run()
12 SYSTEMPATH/Boot.php(68): CodeIgniter\Boot::runCodeIgniter(Object(CodeIgniter\CodeIgniter))
13 FCPATH/index.php(59): CodeIgniter\Boot::bootWeb(Object(Config\Paths))
CRITICAL - 2025-08-06 04:01:35 --> CodeIgniter\View\Exceptions\ViewException: Invalid file: "template/footer.php"
[Method: GET, Route: map]
in SYSTEMPATH/Exceptions/FrameworkException.php on line 39.
 1 SYSTEMPATH/View/View.php(214): CodeIgniter\Exceptions\FrameworkException::forInvalidFile('template/footer.php')
 2 SYSTEMPATH/View/View.php(475): CodeIgniter\View\View->render('template/footer', null, true)
 3 APPPATH/Views/layout/base.php(16): CodeIgniter\View\View->include('template/footer')
 4 SYSTEMPATH/View/View.php(226): include('/var/www/html/app/Views/layout/base.php')
 5 SYSTEMPATH/View/View.php(229): CodeIgniter\View\View->CodeIgniter\View\{closure}()
 6 SYSTEMPATH/Common.php(1167): CodeIgniter\View\View->render('layout/base', [], true)
 7 APPPATH/Controllers/Map.php(9): view('layout/base')
 8 SYSTEMPATH/CodeIgniter.php(933): App\Controllers\Map->index()
 9 SYSTEMPATH/CodeIgniter.php(507): CodeIgniter\CodeIgniter->runController(Object(App\Controllers\Map))
10 SYSTEMPATH/CodeIgniter.php(354): CodeIgniter\CodeIgniter->handleRequest(null, Object(Config\Cache), false)
11 SYSTEMPATH/Boot.php(363): CodeIgniter\CodeIgniter->run()
12 SYSTEMPATH/Boot.php(68): CodeIgniter\Boot::runCodeIgniter(Object(CodeIgniter\CodeIgniter))
13 FCPATH/index.php(59): CodeIgniter\Boot::bootWeb(Object(Config\Paths))
CRITICAL - 2025-08-06 04:07:54 --> ParseError: syntax error, unexpected token "<", expecting end of file
[Method: GET, Route: map]
in APPPATH/Views/layout/base.php on line 2.
 1 SYSTEMPATH/View/View.php(229): CodeIgniter\View\View->CodeIgniter\View\{closure}()
 2 SYSTEMPATH/Common.php(1167): CodeIgniter\View\View->render('layout/base', [], true)
 3 APPPATH/Controllers/Map.php(9): view('layout/base')
 4 SYSTEMPATH/CodeIgniter.php(933): App\Controllers\Map->index()
 5 SYSTEMPATH/CodeIgniter.php(507): CodeIgniter\CodeIgniter->runController(Object(App\Controllers\Map))
 6 SYSTEMPATH/CodeIgniter.php(354): CodeIgniter\CodeIgniter->handleRequest(null, Object(Config\Cache), false)
 7 SYSTEMPATH/Boot.php(363): CodeIgniter\CodeIgniter->run()
 8 SYSTEMPATH/Boot.php(68): CodeIgniter\Boot::runCodeIgniter(Object(CodeIgniter\CodeIgniter))
 9 FCPATH/index.php(59): CodeIgniter\Boot::bootWeb(Object(Config\Paths))
CRITICAL - 2025-08-06 04:10:27 --> ParseError: syntax error, unexpected token "<", expecting end of file
[Method: GET, Route: map]
in APPPATH/Views/map/index.php on line 2.
 1 SYSTEMPATH/View/View.php(229): CodeIgniter\View\View->CodeIgniter\View\{closure}()
 2 SYSTEMPATH/Common.php(1167): CodeIgniter\View\View->render('map/index', [], true)
 3 APPPATH/Controllers/Map.php(9): view('map/index')
 4 SYSTEMPATH/CodeIgniter.php(933): App\Controllers\Map->index()
 5 SYSTEMPATH/CodeIgniter.php(507): CodeIgniter\CodeIgniter->runController(Object(App\Controllers\Map))
 6 SYSTEMPATH/CodeIgniter.php(354): CodeIgniter\CodeIgniter->handleRequest(null, Object(Config\Cache), false)
 7 SYSTEMPATH/Boot.php(363): CodeIgniter\CodeIgniter->run()
 8 SYSTEMPATH/Boot.php(68): CodeIgniter\Boot::runCodeIgniter(Object(CodeIgniter\CodeIgniter))
 9 FCPATH/index.php(59): CodeIgniter\Boot::bootWeb(Object(Config\Paths))
